<?xml version="1.0" encoding="UTF-8"?>
<!-- Generated by org.testng.reporters.JUnitReportReporter -->
<testsuite hostname="DESKTOP-PFSO53L" failures="0" tests="4" name="demonstration.HomePage" time="61.836" errors="0" timestamp="21 Jul 2021 20:04:58 GMT" skipped="0">
  <testcase classname="demonstration.HomePage" name="homePageNavigation" time="24.953"/>
  <testcase classname="demonstration.HomePage" name="homePageNavigation" time="8.399"/>
  <testcase classname="demonstration.HomePage" name="homePageNavigation" time="10.734"/>
  <testcase classname="demonstration.HomePage" name="homePageNavigation" time="17.750"/>
</testsuite> <!-- demonstration.HomePage -->
