<?xml version="1.0" encoding="UTF-8"?>
<!-- Generated by org.testng.reporters.JUnitReportReporter -->
<testsuite hostname="DESKTOP-PFSO53L" failures="0" tests="4" name="demonstration.ProductsFleeceJacketPage" time="25.584" errors="0" timestamp="2021-07-27T21:14:55 CAT" skipped="0">
  <testcase classname="demonstration.ProductsFleeceJacketPage" name="assertFleeceJacketLabel" time="3.935"/>
  <system-out/>
  <testcase classname="demonstration.ProductsFleeceJacketPage" name="assertFleeceJacketLabel" time="4.262"/>
  <system-out/>
  <testcase classname="demonstration.ProductsFleeceJacketPage" name="assertFleeceJacketLabel" time="13.608"/>
  <system-out/>
  <testcase classname="demonstration.ProductsFleeceJacketPage" name="assertFleeceJacketLabel" time="3.779"/>
  <system-out/>
</testsuite> <!-- demonstration.ProductsFleeceJacketPage -->
