<?xml version="1.0" encoding="UTF-8"?>
<!-- Generated by org.testng.reporters.JUnitReportReporter -->
<testsuite hostname="DESKTOP-PFSO53L" failures="0" tests="4" name="demonstration.ProductsBoltTshirtPage" time="25.242" errors="0" timestamp="2021-07-27T21:14:55 CAT" skipped="0">
  <testcase classname="demonstration.ProductsBoltTshirtPage" name="assertBoltTshirtLabel" time="3.522"/>
  <system-out/>
  <testcase classname="demonstration.ProductsBoltTshirtPage" name="assertBoltTshirtLabel" time="3.941"/>
  <system-out/>
  <testcase classname="demonstration.ProductsBoltTshirtPage" name="assertBoltTshirtLabel" time="8.345"/>
  <system-out/>
  <testcase classname="demonstration.ProductsBoltTshirtPage" name="assertBoltTshirtLabel" time="9.434"/>
  <system-out/>
</testsuite> <!-- demonstration.ProductsBoltTshirtPage -->
