<?xml version="1.0" encoding="UTF-8"?>
<!-- Generated by org.testng.reporters.JUnitReportReporter -->
<testsuite hostname="DESKTOP-PFSO53L" failures="0" tests="24" name="demonstration.ProductsPages" time="158.729" errors="0" timestamp="2021-07-27T21:14:55 CAT" skipped="0">
  <testcase classname="demonstration.ProductsPages" name="selectOnsie" time="3.864"/>
  <system-out/>
  <testcase classname="demonstration.ProductsPages" name="selectTestAllTheThings" time="4.138"/>
  <system-out/>
  <testcase classname="demonstration.ProductsPages" name="selectFleeceJacket" time="6.502"/>
  <system-out/>
  <testcase classname="demonstration.ProductsPages" name="selectFleeceJacket" time="9.565"/>
  <system-out/>
  <testcase classname="demonstration.ProductsPages" name="selectBikeLight" time="9.883"/>
  <system-out/>
  <testcase classname="demonstration.ProductsPages" name="selectBackPack" time="9.353"/>
  <system-out/>
  <testcase classname="demonstration.ProductsPages" name="selectBoltTshirt" time="9.558"/>
  <system-out/>
  <testcase classname="demonstration.ProductsPages" name="selectOnsie" time="4.298"/>
  <system-out/>
  <testcase classname="demonstration.ProductsPages" name="selectOnsie" time="8.437"/>
  <system-out/>
  <testcase classname="demonstration.ProductsPages" name="selectBackPack" time="3.413"/>
  <system-out/>
  <testcase classname="demonstration.ProductsPages" name="selectTestAllTheThings" time="7.854"/>
  <system-out/>
  <testcase classname="demonstration.ProductsPages" name="selectFleeceJacket" time="3.958"/>
  <system-out/>
  <testcase classname="demonstration.ProductsPages" name="selectFleeceJacket" time="5.293"/>
  <system-out/>
  <testcase classname="demonstration.ProductsPages" name="selectTestAllTheThings" time="9.456"/>
  <system-out/>
  <testcase classname="demonstration.ProductsPages" name="selectOnsie" time="9.753"/>
  <system-out/>
  <testcase classname="demonstration.ProductsPages" name="selectBikeLight" time="3.668"/>
  <system-out/>
  <testcase classname="demonstration.ProductsPages" name="selectBoltTshirt" time="3.651"/>
  <system-out/>
  <testcase classname="demonstration.ProductsPages" name="selectTestAllTheThings" time="8.614"/>
  <system-out/>
  <testcase classname="demonstration.ProductsPages" name="selectBikeLight" time="4.883"/>
  <system-out/>
  <testcase classname="demonstration.ProductsPages" name="selectBackPack" time="7.472"/>
  <system-out/>
  <testcase classname="demonstration.ProductsPages" name="selectBackPack" time="8.516"/>
  <system-out/>
  <testcase classname="demonstration.ProductsPages" name="selectBoltTshirt" time="5.139"/>
  <system-out/>
  <testcase classname="demonstration.ProductsPages" name="selectBikeLight" time="3.760"/>
  <system-out/>
  <testcase classname="demonstration.ProductsPages" name="selectBoltTshirt" time="7.701"/>
  <system-out/>
</testsuite> <!-- demonstration.ProductsPages -->
