<?xml version="1.0" encoding="UTF-8"?>
<!-- Generated by org.testng.reporters.JUnitReportReporter -->
<testsuite hostname="DESKTOP-PFSO53L" failures="0" tests="4" name="demonstration.HomePage" time="24.513" errors="0" timestamp="2021-07-27T21:14:55 CAT" skipped="0">
  <testcase classname="demonstration.HomePage" name="homePageNavigation" time="3.196"/>
  <system-out/>
  <testcase classname="demonstration.HomePage" name="homePageNavigation" time="12.310"/>
  <system-out/>
  <testcase classname="demonstration.HomePage" name="homePageNavigation" time="5.179"/>
  <system-out/>
  <testcase classname="demonstration.HomePage" name="homePageNavigation" time="3.828"/>
  <system-out/>
</testsuite> <!-- demonstration.HomePage -->
