<?xml version="1.0" encoding="UTF-8"?>
<!-- Generated by org.testng.reporters.JUnitReportReporter -->
<testsuite hostname="DESKTOP-PFSO53L" failures="0" tests="4" name="demonstration.ProductsOnsiePage" time="25.770" errors="0" timestamp="2021-07-27T21:14:55 CAT" skipped="0">
  <testcase classname="demonstration.ProductsOnsiePage" name="assertOnsieLabel" time="4.853"/>
  <system-out/>
  <testcase classname="demonstration.ProductsOnsiePage" name="assertOnsieLabel" time="4.122"/>
  <system-out/>
  <testcase classname="demonstration.ProductsOnsiePage" name="assertOnsieLabel" time="3.508"/>
  <system-out/>
  <testcase classname="demonstration.ProductsOnsiePage" name="assertOnsieLabel" time="13.287"/>
  <system-out/>
</testsuite> <!-- demonstration.ProductsOnsiePage -->
