<?xml version="1.0" encoding="UTF-8"?>
<!-- Generated by org.testng.reporters.JUnitReportReporter -->
<testsuite hostname="DESKTOP-PFSO53L" failures="0" tests="4" name="demonstration.ProductsBackPackPage" time="21.819" errors="0" timestamp="2021-07-27T21:14:55 CAT" skipped="0">
  <testcase classname="demonstration.ProductsBackPackPage" name="assertBackPackLabel" time="4.007"/>
  <system-out/>
  <testcase classname="demonstration.ProductsBackPackPage" name="assertBackPackLabel" time="3.356"/>
  <system-out/>
  <testcase classname="demonstration.ProductsBackPackPage" name="assertBackPackLabel" time="9.483"/>
  <system-out/>
  <testcase classname="demonstration.ProductsBackPackPage" name="assertBackPackLabel" time="4.973"/>
  <system-out/>
</testsuite> <!-- demonstration.ProductsBackPackPage -->
