<?xml version="1.0" encoding="UTF-8"?>
<!-- Generated by org.testng.reporters.JUnitReportReporter -->
<testsuite hostname="DESKTOP-PFSO53L" failures="0" tests="4" name="demonstration.ProductsTestAllPage" time="21.819" errors="0" timestamp="2021-07-27T21:14:55 CAT" skipped="0">
  <testcase classname="demonstration.ProductsTestAllPage" name="assertTestAllLabel" time="3.671"/>
  <system-out/>
  <testcase classname="demonstration.ProductsTestAllPage" name="assertTestAllLabel" time="4.603"/>
  <system-out/>
  <testcase classname="demonstration.ProductsTestAllPage" name="assertTestAllLabel" time="9.476"/>
  <system-out/>
  <testcase classname="demonstration.ProductsTestAllPage" name="assertTestAllLabel" time="4.069"/>
  <system-out/>
</testsuite> <!-- demonstration.ProductsTestAllPage -->
